# JRE version: 7.0_25-b30
# Java VM: OpenJDK 64-Bit Server VM (23.7-b01 mixed mode linux-amd64 compressed oops)
Heap
 PSYoungGen      total 426048K, used 47876K [0x00000000e0000000, 0x00000000ff490000, 0x0000000100000000)
  eden space 336896K, 14% used [0x00000000e0000000,0x00000000e2ec1230,0x00000000f4900000)
  from space 89152K, 0% used [0x00000000f9d80000,0x00000000f9d80000,0x00000000ff490000)
  to   space 86528K, 0% used [0x00000000f4900000,0x00000000f4900000,0x00000000f9d80000)
 ParOldGen       total 373312K, used 188545K [0x00000000a0000000, 0x00000000b6c90000, 0x00000000e0000000)
  object space 373312K, 50% used [0x00000000a0000000,0x00000000ab820568,0x00000000b6c90000)
 PSPermGen       total 285760K, used 145740K [0x0000000088000000, 0x0000000099710000, 0x00000000a0000000)
  object space 285760K, 51% used [0x0000000088000000,0x0000000090e53350,0x0000000099710000)
GC Heap History (10 events):
Event: 1374.573 GC heap before
{Heap before GC invocations=13 (full 0):
 PSYoungGen      total 382144K, used 337558K [0x00000000e0000000, 0x00000000fe9c0000, 0x0000000100000000)
  eden space 302848K, 100% used [0x00000000e0000000,0x00000000f27c0000,0x00000000f27c0000)
  from space 79296K, 43% used [0x00000000f9c50000,0x00000000fbe35b50,0x00000000fe9c0000)
  to   space 99328K, 0% used [0x00000000f27c0000,0x00000000f27c0000,0x00000000f88c0000)
 ParOldGen       total 349568K, used 188359K [0x00000000a0000000, 0x00000000b5560000, 0x00000000e0000000)
  object space 349568K, 53% used [0x00000000a0000000,0x00000000ab7f1c20,0x00000000b5560000)
 PSPermGen       total 134336K, used 134226K [0x0000000088000000, 0x0000000090330000, 0x00000000a0000000)
  object space 134336K, 99% used [0x0000000088000000,0x0000000090314b60,0x0000000090330000)
Event: 1374.674 GC heap after
Heap after GC invocations=13 (full 0):
 PSYoungGen      total 328640K, used 36309K [0x00000000e0000000, 0x00000000fd950000, 0x0000000100000000)
  eden space 292288K, 0% used [0x00000000e0000000,0x00000000e0000000,0x00000000f1d70000)
  from space 36352K, 99% used [0x00000000f27c0000,0x00000000f4b357c0,0x00000000f4b40000)
  to   space 96192K, 0% used [0x00000000f7b60000,0x00000000f7b60000,0x00000000fd950000)
 ParOldGen       total 349568K, used 216619K [0x00000000a0000000, 0x00000000b5560000, 0x00000000e0000000)
  object space 349568K, 61% used [0x00000000a0000000,0x00000000ad38af40,0x00000000b5560000)
 PSPermGen       total 134336K, used 134226K [0x0000000088000000, 0x0000000090330000, 0x00000000a0000000)
  object space 134336K, 99% used [0x0000000088000000,0x0000000090314b60,0x0000000090330000)
}
Event: 1376.688 GC heap before
{Heap before GC invocations=14 (full 0):
 PSYoungGen      total 328640K, used 328597K [0x00000000e0000000, 0x00000000fd950000, 0x0000000100000000)
  eden space 292288K, 100% used [0x00000000e0000000,0x00000000f1d70000,0x00000000f1d70000)
  from space 36352K, 99% used [0x00000000f27c0000,0x00000000f4b357c0,0x00000000f4b40000)
  to   space 96192K, 0% used [0x00000000f7b60000,0x00000000f7b60000,0x00000000fd950000)
 ParOldGen       total 349568K, used 216619K [0x00000000a0000000, 0x00000000b5560000, 0x00000000e0000000)
  object space 349568K, 61% used [0x00000000a0000000,0x00000000ad38af40,0x00000000b5560000)
 PSPermGen       total 135680K, used 135660K [0x0000000088000000, 0x0000000090480000, 0x00000000a0000000)
  object space 135680K, 99% used [0x0000000088000000,0x000000009047b248,0x0000000090480000)
Event: 1376.777 GC heap after
Heap after GC invocations=14 (full 0):
 PSYoungGen      total 389952K, used 26197K [0x00000000e0000000, 0x0000000100000000, 0x0000000100000000)
  eden space 293760K, 0% used [0x00000000e0000000,0x00000000e0000000,0x00000000f1ee0000)
  from space 96192K, 27% used [0x00000000f7b60000,0x00000000f94f56e8,0x00000000fd950000)
  to   space 94720K, 0% used [0x00000000f1ee0000,0x00000000f1ee0000,0x00000000f7b60000)
 ParOldGen       total 349568K, used 245500K [0x00000000a0000000, 0x00000000b5560000, 0x00000000e0000000)
  object space 349568K, 70% used [0x00000000a0000000,0x00000000aefbf1e0,0x00000000b5560000)
 PSPermGen       total 135680K, used 135660K [0x0000000088000000, 0x0000000090480000, 0x00000000a0000000)
  object space 135680K, 99% used [0x0000000088000000,0x000000009047b248,0x0000000090480000)
}
Event: 1377.502 GC heap before
{Heap before GC invocations=15 (full 0):
 PSYoungGen      total 389952K, used 319957K [0x00000000e0000000, 0x0000000100000000, 0x0000000100000000)
  eden space 293760K, 100% used [0x00000000e0000000,0x00000000f1ee0000,0x00000000f1ee0000)
  from space 96192K, 27% used [0x00000000f7b60000,0x00000000f94f56e8,0x00000000fd950000)
  to   space 94720K, 0% used [0x00000000f1ee0000,0x00000000f1ee0000,0x00000000f7b60000)
 ParOldGen       total 349568K, used 245500K [0x00000000a0000000, 0x00000000b5560000, 0x00000000e0000000)
  object space 349568K, 70% used [0x00000000a0000000,0x00000000aefbf1e0,0x00000000b5560000)
 PSPermGen       total 135872K, used 135849K [0x0000000088000000, 0x00000000904b0000, 0x00000000a0000000)
  object space 135872K, 99% used [0x0000000088000000,0x00000000904aa718,0x00000000904b0000)
Event: 1377.592 GC heap after
Heap after GC invocations=15 (full 0):
 PSYoungGen      total 388480K, used 43214K [0x00000000e0000000, 0x00000000ff570000, 0x0000000100000000)
  eden space 293760K, 0% used [0x00000000e0000000,0x00000000e0000000,0x00000000f1ee0000)
  from space 94720K, 45% used [0x00000000f1ee0000,0x00000000f4913ba8,0x00000000f7b60000)
  to   space 90048K, 0% used [0x00000000f9d80000,0x00000000f9d80000,0x00000000ff570000)
 ParOldGen       total 349568K, used 266226K [0x00000000a0000000, 0x00000000b5560000, 0x00000000e0000000)
  object space 349568K, 76% used [0x00000000a0000000,0x00000000b03fcb48,0x00000000b5560000)
 PSPermGen       total 135872K, used 135849K [0x0000000088000000, 0x00000000904b0000, 0x00000000a0000000)
  object space 135872K, 99% used [0x0000000088000000,0x00000000904aa718,0x00000000904b0000)
}
Event: 1396.700 GC heap before
{Heap before GC invocations=16 (full 0):
 PSYoungGen      total 388480K, used 336974K [0x00000000e0000000, 0x00000000ff570000, 0x0000000100000000)
  eden space 293760K, 100% used [0x00000000e0000000,0x00000000f1ee0000,0x00000000f1ee0000)
  from space 94720K, 45% used [0x00000000f1ee0000,0x00000000f4913ba8,0x00000000f7b60000)
  to   space 90048K, 0% used [0x00000000f9d80000,0x00000000f9d80000,0x00000000ff570000)
 ParOldGen       total 349568K, used 266226K [0x00000000a0000000, 0x00000000b5560000, 0x00000000e0000000)
  object space 349568K, 76% used [0x00000000a0000000,0x00000000b03fcb48,0x00000000b5560000)
 PSPermGen       total 143744K, used 143719K [0x0000000088000000, 0x0000000090c60000, 0x00000000a0000000)
  object space 143744K, 99% used [0x0000000088000000,0x0000000090c59fa8,0x0000000090c60000)
Event: 1396.831 GC heap after
Heap after GC invocations=16 (full 0):
 PSYoungGen      total 426048K, used 47497K [0x00000000e0000000, 0x00000000ff490000, 0x0000000100000000)
  eden space 336896K, 0% used [0x00000000e0000000,0x00000000e0000000,0x00000000f4900000)
  from space 89152K, 53% used [0x00000000f9d80000,0x00000000fcbe2488,0x00000000ff490000)
  to   space 86528K, 0% used [0x00000000f4900000,0x00000000f4900000,0x00000000f9d80000)
 ParOldGen       total 349568K, used 308963K [0x00000000a0000000, 0x00000000b5560000, 0x00000000e0000000)
  object space 349568K, 88% used [0x00000000a0000000,0x00000000b2db8da8,0x00000000b5560000)
 PSPermGen       total 143744K, used 143719K [0x0000000088000000, 0x0000000090c60000, 0x00000000a0000000)
  object space 143744K, 99% used [0x0000000088000000,0x0000000090c59fa8,0x0000000090c60000)
}
Event: 1396.831 GC heap before
{Heap before GC invocations=17 (full 1):
 PSYoungGen      total 426048K, used 47497K [0x00000000e0000000, 0x00000000ff490000, 0x0000000100000000)
  eden space 336896K, 0% used [0x00000000e0000000,0x00000000e0000000,0x00000000f4900000)
  from space 89152K, 53% used [0x00000000f9d80000,0x00000000fcbe2488,0x00000000ff490000)
  to   space 86528K, 0% used [0x00000000f4900000,0x00000000f4900000,0x00000000f9d80000)
 ParOldGen       total 349568K, used 308963K [0x00000000a0000000, 0x00000000b5560000, 0x00000000e0000000)
  object space 349568K, 88% used [0x00000000a0000000,0x00000000b2db8da8,0x00000000b5560000)
 PSPermGen       total 143744K, used 143719K [0x0000000088000000, 0x0000000090c60000, 0x00000000a0000000)
  object space 143744K, 99% used [0x0000000088000000,0x0000000090c59fa8,0x0000000090c60000)
Event: 1398.361 GC heap after
Heap after GC invocations=17 (full 1):
 PSYoungGen      total 426048K, used 0K [0x00000000e0000000, 0x00000000ff490000, 0x0000000100000000)
  eden space 336896K, 0% used [0x00000000e0000000,0x00000000e0000000,0x00000000f4900000)
  from space 89152K, 0% used [0x00000000f9d80000,0x00000000f9d80000,0x00000000ff490000)
  to   space 86528K, 0% used [0x00000000f4900000,0x00000000f4900000,0x00000000f9d80000)
 ParOldGen       total 373312K, used 188545K [0x00000000a0000000, 0x00000000b6c90000, 0x00000000e0000000)
  object space 373312K, 50% used [0x00000000a0000000,0x00000000ab820568,0x00000000b6c90000)
 PSPermGen       total 285760K, used 142034K [0x0000000088000000, 0x0000000099710000, 0x00000000a0000000)
  object space 285760K, 49% used [0x0000000088000000,0x0000000090ab4a88,0x0000000099710000)
}

